<?xml version="1.0" encoding="UTF-8"?>
<!-- Generated by org.testng.reporters.JUnitReportReporter -->
<testsuite skipped="0" hostname="DESKTOP-0VKQFUQ" name="com.pac.qa.testcases.HomePageTest" tests="1" failures="0" timestamp="11 Sep 2019 13:14:30 GMT" time="0.001" errors="0">
  <testcase name="validation" time="0.001" classname="com.pac.qa.testcases.HomePageTest"/>
</testsuite> <!-- com.pac.qa.testcases.HomePageTest -->
