<?xml version="1.0" encoding="UTF-8"?>
<!-- Generated by org.testng.reporters.JUnitReportReporter -->
<testsuite skipped="2" hostname="DESKTOP-0VKQFUQ" name="com.pac.qa.testcases.LoginPageTest" tests="3" failures="0" timestamp="2019-09-12T16:59:37 EDT" time="13.589" errors="0">
  <testcase name="signInTest" time="13.589" classname="com.pac.qa.testcases.LoginPageTest"/>
  <testcase name="clickdroppable" classname="com.pac.qa.testcases.LoginPageTest">
    <skipped/>
  </testcase> <!-- clickdroppable -->
  <testcase name="registerForm" classname="com.pac.qa.testcases.LoginPageTest">
    <skipped/>
  </testcase> <!-- registerForm -->
</testsuite> <!-- com.pac.qa.testcases.LoginPageTest -->
