<?xml version="1.0" encoding="UTF-8"?>
<!-- Generated by org.testng.reporters.JUnitReportReporter -->
<testsuite skipped="1" hostname="DESKTOP-0VKQFUQ" name="com.pac.qa.pages.DynemicElements" tests="2" failures="0" timestamp="2019-09-15T12:39:31 EDT" time="7.044" errors="0">
  <testcase name="uploadFileTest" time="7.044" classname="com.pac.qa.pages.DynemicElements"/>
  <testcase name="linkCount" classname="com.pac.qa.pages.DynemicElements">
    <skipped/>
  </testcase> <!-- linkCount -->
</testsuite> <!-- com.pac.qa.pages.DynemicElements -->
